<?xml version="1.0" encoding="UTF-8"?>
<testsuite name="org.springframework.samples.petclinic.service.ClinicServiceJdbcTests" time="0.473" tests="33" errors="0" skipped="0" failures="0">
  <properties>
    <property name="java.runtime.name" value="Java(TM) SE Runtime Environment"/>
    <property name="sun.boot.library.path" value="/Library/Java/JavaVirtualMachines/jdk1.8.0_172.jdk/Contents/Home/jre/lib"/>
    <property name="java.vm.version" value="25.172-b11"/>
    <property name="gopherProxySet" value="false"/>
    <property name="java.vm.vendor" value="Oracle Corporation"/>
    <property name="maven.multiModuleProjectDirectory" value="/Users/jzucker/dev/GitHub/misc/spring-petclinic-rest"/>
    <property name="java.vendor.url" value="http://java.oracle.com/"/>
    <property name="path.separator" value=":"/>
    <property name="guice.disable.misplaced.annotation.check" value="true"/>
    <property name="java.vm.name" value="Java HotSpot(TM) 64-Bit Server VM"/>
    <property name="file.encoding.pkg" value="sun.io"/>
    <property name="user.country" value="US"/>
    <property name="sun.java.launcher" value="SUN_STANDARD"/>
    <property name="sun.os.patch.level" value="unknown"/>
    <property name="java.vm.specification.name" value="Java Virtual Machine Specification"/>
    <property name="user.dir" value="/Users/jzucker/dev/GitHub/misc/spring-petclinic-rest"/>
    <property name="java.runtime.version" value="1.8.0_172-b11"/>
    <property name="java.awt.graphicsenv" value="sun.awt.CGraphicsEnvironment"/>
    <property name="java.endorsed.dirs" value="/Library/Java/JavaVirtualMachines/jdk1.8.0_172.jdk/Contents/Home/jre/lib/endorsed"/>
    <property name="os.arch" value="x86_64"/>
    <property name="java.io.tmpdir" value="/var/folders/nf/cdlvvkcj7pnf4f8lgcdtwcnrnsjpgg/T/"/>
    <property name="line.separator" value="&#10;"/>
    <property name="java.vm.specification.vendor" value="Oracle Corporation"/>
    <property name="os.name" value="Mac OS X"/>
    <property name="classworlds.conf" value="/usr/local/Cellar/maven/3.6.1/libexec/bin/m2.conf"/>
    <property name="sun.jnu.encoding" value="UTF-8"/>
    <property name="java.library.path" value="/Users/jzucker/Library/Java/Extensions:/Library/Java/Extensions:/Network/Library/Java/Extensions:/System/Library/Java/Extensions:/usr/lib/java:."/>
    <property name="maven.conf" value="/usr/local/Cellar/maven/3.6.1/libexec/conf"/>
    <property name="java.specification.name" value="Java Platform API Specification"/>
    <property name="java.class.version" value="52.0"/>
    <property name="sun.management.compiler" value="HotSpot 64-Bit Tiered Compilers"/>
    <property name="os.version" value="10.14.4"/>
    <property name="library.jansi.path" value="/usr/local/Cellar/maven/3.6.1/libexec/lib/jansi-native"/>
    <property name="http.nonProxyHosts" value="local|*.local|169.254/16|*.169.254/16"/>
    <property name="user.home" value="/Users/jzucker"/>
    <property name="user.timezone" value="US/Pacific"/>
    <property name="java.awt.printerjob" value="sun.lwawt.macosx.CPrinterJob"/>
    <property name="java.specification.version" value="1.8"/>
    <property name="file.encoding" value="UTF-8"/>
    <property name="user.name" value="jzucker"/>
    <property name="java.class.path" value="/usr/local/Cellar/maven/3.6.1/libexec/boot/plexus-classworlds-2.6.0.jar"/>
    <property name="java.vm.specification.version" value="1.8"/>
    <property name="sun.arch.data.model" value="64"/>
    <property name="java.home" value="/Library/Java/JavaVirtualMachines/jdk1.8.0_172.jdk/Contents/Home/jre"/>
    <property name="sun.java.command" value="org.codehaus.plexus.classworlds.launcher.Launcher install"/>
    <property name="java.specification.vendor" value="Oracle Corporation"/>
    <property name="user.language" value="en"/>
    <property name="awt.toolkit" value="sun.lwawt.macosx.LWCToolkit"/>
    <property name="java.vm.info" value="mixed mode"/>
    <property name="java.version" value="1.8.0_172"/>
    <property name="java.ext.dirs" value="/Users/jzucker/Library/Java/Extensions:/Library/Java/JavaVirtualMachines/jdk1.8.0_172.jdk/Contents/Home/jre/lib/ext:/Library/Java/Extensions:/Network/Library/Java/Extensions:/System/Library/Java/Extensions:/usr/lib/java"/>
    <property name="sun.boot.class.path" value="/Library/Java/JavaVirtualMachines/jdk1.8.0_172.jdk/Contents/Home/jre/lib/resources.jar:/Library/Java/JavaVirtualMachines/jdk1.8.0_172.jdk/Contents/Home/jre/lib/rt.jar:/Library/Java/JavaVirtualMachines/jdk1.8.0_172.jdk/Contents/Home/jre/lib/sunrsasign.jar:/Library/Java/JavaVirtualMachines/jdk1.8.0_172.jdk/Contents/Home/jre/lib/jsse.jar:/Library/Java/JavaVirtualMachines/jdk1.8.0_172.jdk/Contents/Home/jre/lib/jce.jar:/Library/Java/JavaVirtualMachines/jdk1.8.0_172.jdk/Contents/Home/jre/lib/charsets.jar:/Library/Java/JavaVirtualMachines/jdk1.8.0_172.jdk/Contents/Home/jre/lib/jfr.jar:/Library/Java/JavaVirtualMachines/jdk1.8.0_172.jdk/Contents/Home/jre/classes"/>
    <property name="java.vendor" value="Oracle Corporation"/>
    <property name="maven.home" value="/usr/local/Cellar/maven/3.6.1/libexec"/>
    <property name="file.separator" value="/"/>
    <property name="java.vendor.url.bug" value="http://bugreport.sun.com/bugreport/"/>
    <property name="sun.cpu.endian" value="little"/>
    <property name="sun.io.unicode.encoding" value="UnicodeBig"/>
    <property name="socksNonProxyHosts" value="local|*.local|169.254/16|*.169.254/16"/>
    <property name="ftp.nonProxyHosts" value="local|*.local|169.254/16|*.169.254/16"/>
    <property name="sun.cpu.isalist" value=""/>
  </properties>
  <testcase name="shouldFindAllOwners" classname="org.springframework.samples.petclinic.service.ClinicServiceJdbcTests" time="0.051"/>
  <testcase name="shouldFindPetTypeById" classname="org.springframework.samples.petclinic.service.ClinicServiceJdbcTests" time="0.013"/>
  <testcase name="shouldUpdateSpecialty" classname="org.springframework.samples.petclinic.service.ClinicServiceJdbcTests" time="0.014"/>
  <testcase name="shouldFindVets" classname="org.springframework.samples.petclinic.service.ClinicServiceJdbcTests" time="0.017"/>
  <testcase name="shouldFindAllVisits" classname="org.springframework.samples.petclinic.service.ClinicServiceJdbcTests" time="0.02"/>
  <testcase name="shouldFindOwnersByLastName" classname="org.springframework.samples.petclinic.service.ClinicServiceJdbcTests" time="0.01"/>
  <testcase name="shouldInsertVet" classname="org.springframework.samples.petclinic.service.ClinicServiceJdbcTests" time="0.057"/>
  <testcase name="shouldDeletePet" classname="org.springframework.samples.petclinic.service.ClinicServiceJdbcTests" time="0.017"/>
  <testcase name="shouldDeleteVet" classname="org.springframework.samples.petclinic.service.ClinicServiceJdbcTests" time="0.012"/>
  <testcase name="shouldDeleteOwner" classname="org.springframework.samples.petclinic.service.ClinicServiceJdbcTests" time="0.004"/>
  <testcase name="shouldDeleteVisit" classname="org.springframework.samples.petclinic.service.ClinicServiceJdbcTests" time="0.007"/>
  <testcase name="shouldInsertSpecialty" classname="org.springframework.samples.petclinic.service.ClinicServiceJdbcTests" time="0.025"/>
  <testcase name="shouldAddNewVisitForPet" classname="org.springframework.samples.petclinic.service.ClinicServiceJdbcTests" time="0.056"/>
  <testcase name="shouldUpdateOwner" classname="org.springframework.samples.petclinic.service.ClinicServiceJdbcTests" time="0.072"/>
  <testcase name="shouldFindVisitsByPetId" classname="org.springframework.samples.petclinic.service.ClinicServiceJdbcTests" time="0"/>
  <testcase name="shouldUpdateVisit" classname="org.springframework.samples.petclinic.service.ClinicServiceJdbcTests" time="0.002"/>
  <testcase name="shouldInsertPetIntoDatabaseAndGenerateId" classname="org.springframework.samples.petclinic.service.ClinicServiceJdbcTests" time="0"/>
  <testcase name="shouldInsertOwner" classname="org.springframework.samples.petclinic.service.ClinicServiceJdbcTests" time="0"/>
  <testcase name="shouldInsertVisit" classname="org.springframework.samples.petclinic.service.ClinicServiceJdbcTests" time="0.001"/>
  <testcase name="shouldFindAllPets" classname="org.springframework.samples.petclinic.service.ClinicServiceJdbcTests" time="0"/>
  <testcase name="shouldFindSingleOwnerWithPet" classname="org.springframework.samples.petclinic.service.ClinicServiceJdbcTests" time="0"/>
  <testcase name="shouldFindAllSpecialtys" classname="org.springframework.samples.petclinic.service.ClinicServiceJdbcTests" time="0.002"/>
  <testcase name="shouldUpdatePetName" classname="org.springframework.samples.petclinic.service.ClinicServiceJdbcTests" time="0.009"/>
  <testcase name="shouldUpdatePetType" classname="org.springframework.samples.petclinic.service.ClinicServiceJdbcTests" time="0.008"/>
  <testcase name="shouldFindVisitDyId" classname="org.springframework.samples.petclinic.service.ClinicServiceJdbcTests" time="0.005"/>
  <testcase name="shouldFindAllPetTypes" classname="org.springframework.samples.petclinic.service.ClinicServiceJdbcTests" time="0.005"/>
  <testcase name="shouldUpdateVet" classname="org.springframework.samples.petclinic.service.ClinicServiceJdbcTests" time="0.06"/>
  <testcase name="shouldFindVetDyId" classname="org.springframework.samples.petclinic.service.ClinicServiceJdbcTests" time="0"/>
  <testcase name="shouldInsertPetType" classname="org.springframework.samples.petclinic.service.ClinicServiceJdbcTests" time="0.001"/>
  <testcase name="shouldDeletePetType" classname="org.springframework.samples.petclinic.service.ClinicServiceJdbcTests" time="0.001"/>
  <testcase name="shouldFindPetWithCorrectId" classname="org.springframework.samples.petclinic.service.ClinicServiceJdbcTests" time="0"/>
  <testcase name="shouldFindSpecialtyById" classname="org.springframework.samples.petclinic.service.ClinicServiceJdbcTests" time="0"/>
  <testcase name="shouldDeleteSpecialty" classname="org.springframework.samples.petclinic.service.ClinicServiceJdbcTests" time="0.004"/>
</testsuite>